#
# A fatal error has been detected by the Java Runtime Environment:
#
#  EXCEPTION_ACCESS_VIOLATION (0xc0000005) at pc=0x00007fff5b901190, pid=10352, tid=0x0000000000002b4c
#
# JRE version: Java(TM) SE Runtime Environment (8.0_181-b13) (build 1.8.0_181-b13)
# Java VM: Java HotSpot(TM) 64-Bit Server VM (25.181-b13 mixed mode windows-amd64 compressed oops)
# Problematic frame:
# C  [libtmserialport4153106572459439712.lib+0x1190]
#
# Failed to write core dump. Minidumps are not enabled by default on client versions of Windows
#
# If you would like to submit a bug report, please visit:
#   http://bugreport.java.com/bugreport/crash.jsp
# The crash happened outside the Java Virtual Machine in native code.
# See problematic frame for where to report the bug.
#

---------------  T H R E A D  ---------------

Current thread (0x0000000000a9e800):  JavaThread "main" [_thread_in_native, id=11084, stack(0x0000000002360000,0x0000000002460000)]

siginfo: ExceptionCode=0xc0000005, reading address 0x0000000000000008

Registers:
RAX=0x0000000000000000, RBX=0x00000000190db078, RCX=0x0000000000000000, RDX=0x000000000245f6a8
RSP=0x000000000245f5f0, RBP=0x000000000245f688, RSI=0x0000000020200020, RDI=0x0000000000a9e9f8
R8 =0x0000000000000042, R9 =0x0000000780855fc8, R10=0x0000000000000000, R11=0x0000000050f14970
R12=0x0000000000000000, R13=0x00000000190db078, R14=0x000000000245f6a8, R15=0x0000000000a9e800
RIP=0x00007fff5b901190, EFLAGS=0x0000000000010246

Top of Stack: (sp=0x000000000245f5f0)
0x000000000245f5f0:   000000000245f900 0000000000a9e800
0x000000000245f600:   00000000190db078 0000000020200020
0x000000000245f610:   000000000256835d 0000000002578c67
0x000000000245f620:   00000000190db078 00000000190db078
0x000000000245f630:   0000000020200020 0000000000a9e800
0x000000000245f640:   0000000002578962 000000000245f648
0x000000000245f650:   00000000190db078 000000000245f6a8
0x000000000245f660:   00000000190dbf10 0000000000000000
0x000000000245f670:   00000000190db078 0000000000000000
0x000000000245f680:   000000000245f6a8 000000000245f6f0
0x000000000245f690:   0000000002567da0 0000000000000000
0x000000000245f6a0:   00000000025721d6 0000000780855fc8
0x000000000245f6b0:   000000000245f6b0 00000000190db989
0x000000000245f6c0:   000000000245f700 00000000190dbf10
0x000000000245f6d0:   0000000000000000 00000000190db9b8
0x000000000245f6e0:   000000000245f6a8 000000000245f700 

Instructions: (pc=0x00007fff5b901190)
0x00007fff5b901170:   48 89 5c 24 08 57 48 83 ec 20 48 8b 01 4c 8b 05
0x00007fff5b901180:   9c 3e 00 00 48 8b f9 ff 90 28 03 00 00 48 8b c8
0x00007fff5b901190:   ff 50 08 8b d8 85 c0 74 0c 8b d0 48 8b cf e8 5d
0x00007fff5b9011a0:   fe ff ff 8b c3 48 8b 5c 24 30 48 83 c4 20 5f c3 


Register to memory mapping:

RAX=0x0000000000000000 is an unknown value
RBX={method} {0x00000000190db080} 'nativeOpen' '()I' in 'com/thingmagic/SerialTransportNative'
RCX=0x0000000000000000 is an unknown value
RDX=0x000000000245f6a8 is pointing into the stack for thread: 0x0000000000a9e800
RSP=0x000000000245f5f0 is pointing into the stack for thread: 0x0000000000a9e800
RBP=0x000000000245f688 is pointing into the stack for thread: 0x0000000000a9e800
RSI=0x0000000020200020 is an unknown value
RDI=0x0000000000a9e9f8 is an unknown value
R8 =0x0000000000000042 is an unknown value
R9 =0x0000000780855fc8 is an oop
com.thingmagic.SerialTransportNative 
 - klass: 'com/thingmagic/SerialTransportNative'
R10=0x0000000000000000 is an unknown value
R11=0x0000000050f14970 is an unknown value
R12=0x0000000000000000 is an unknown value
R13={method} {0x00000000190db080} 'nativeOpen' '()I' in 'com/thingmagic/SerialTransportNative'
R14=0x000000000245f6a8 is pointing into the stack for thread: 0x0000000000a9e800
R15=0x0000000000a9e800 is a thread


Stack: [0x0000000002360000,0x0000000002460000],  sp=0x000000000245f5f0,  free space=1021k
Native frames: (J=compiled Java code, j=interpreted, Vv=VM code, C=native code)
C  [libtmserialport4153106572459439712.lib+0x1190]
C  0x0000000002578c67

Java frames: (J=compiled Java code, j=interpreted, Vv=VM code)
j  com.thingmagic.SerialTransportNative.nativeOpen()I+0
j  com.thingmagic.SerialTransportNative.open()V+1
j  com.thingmagic.SerialTransport.connect()Z+55
j  com.thingmagic.ReceiveAutonomousReading.main([Ljava/lang/String;)V+11
v  ~StubRoutines::call_stub

---------------  P R O C E S S  ---------------

Java Threads: ( => current thread )
  0x000000001afd0800 JavaThread "Service Thread" daemon [_thread_blocked, id=1748, stack(0x000000001b3b0000,0x000000001b4b0000)]
  0x000000001967a800 JavaThread "C1 CompilerThread2" daemon [_thread_blocked, id=8272, stack(0x000000001aeb0000,0x000000001afb0000)]
  0x000000001966f800 JavaThread "C2 CompilerThread1" daemon [_thread_blocked, id=7312, stack(0x000000001adb0000,0x000000001aeb0000)]
  0x000000001966c800 JavaThread "C2 CompilerThread0" daemon [_thread_blocked, id=7296, stack(0x000000001acb0000,0x000000001adb0000)]
  0x000000001966b000 JavaThread "Attach Listener" daemon [_thread_blocked, id=4384, stack(0x000000001abb0000,0x000000001acb0000)]
  0x0000000019676800 JavaThread "Signal Dispatcher" daemon [_thread_blocked, id=12296, stack(0x000000001aab0000,0x000000001abb0000)]
  0x000000000255c800 JavaThread "Finalizer" daemon [_thread_blocked, id=8060, stack(0x000000001a8c0000,0x000000001a9c0000)]
  0x0000000002551800 JavaThread "Reference Handler" daemon [_thread_blocked, id=11876, stack(0x000000001a7c0000,0x000000001a8c0000)]
=>0x0000000000a9e800 JavaThread "main" [_thread_in_native, id=11084, stack(0x0000000002360000,0x0000000002460000)]

Other Threads:
  0x0000000019637800 VMThread [stack: 0x000000001a6c0000,0x000000001a7c0000] [id=8320]
  0x000000001b007000 WatcherThread [stack: 0x000000001b4b0000,0x000000001b5b0000] [id=14092]

VM state:not at safepoint (normal execution)

VM Mutex/Monitor currently owned by a thread: None

Heap:
 PSYoungGen      total 57344K, used 2949K [0x0000000780600000, 0x0000000784600000, 0x00000007c0000000)
  eden space 49152K, 6% used [0x0000000780600000,0x00000007808e14c8,0x0000000783600000)
  from space 8192K, 0% used [0x0000000783e00000,0x0000000783e00000,0x0000000784600000)
  to   space 8192K, 0% used [0x0000000783600000,0x0000000783600000,0x0000000783e00000)
 ParOldGen       total 131072K, used 0K [0x0000000701200000, 0x0000000709200000, 0x0000000780600000)
  object space 131072K, 0% used [0x0000000701200000,0x0000000701200000,0x0000000709200000)
 Metaspace       used 3411K, capacity 4588K, committed 4864K, reserved 1056768K
  class space    used 389K, capacity 424K, committed 512K, reserved 1048576K

Card table byte_map: [0x0000000011920000,0x0000000011f20000] byte_map_base: 0x000000000e117000

Marking Bits: (ParMarkBitMap*) 0x0000000050f22d00
 Begin Bits: [0x0000000012720000, 0x00000000156d8000)
 End Bits:   [0x00000000156d8000, 0x0000000018690000)

Polling page: 0x0000000000a60000

CodeCache: size=245760Kb used=1317Kb max_used=1317Kb free=244442Kb
 bounds [0x0000000002560000, 0x00000000027d0000, 0x0000000011560000]
 total_blobs=388 nmethods=122 adapters=179
 compilation: enabled

Compilation events (10 events):
Event: 0.235 Thread 0x000000001967a800  120   !   3       java.nio.charset.Charset::defaultCharset (65 bytes)
Event: 0.236 Thread 0x000000001967a800 nmethod 120 0x00000000026a15d0 code [0x00000000026a17c0, 0x00000000026a1f78]
Event: 0.236 Thread 0x000000001967a800  121       3       java.lang.StringCoding::deref (19 bytes)
Event: 0.236 Thread 0x000000001967a800 nmethod 121 0x00000000026a2390 code [0x00000000026a2520, 0x00000000026a29c8]
Event: 0.236 Thread 0x000000001967a800  117       3       sun.nio.fs.WindowsDirectoryStream$WindowsDirectoryIterator::isSelfOrParent (24 bytes)
Event: 0.236 Thread 0x000000001967a800 nmethod 117 0x00000000026a2b10 code [0x00000000026a2c80, 0x00000000026a2ff8]
Event: 0.236 Thread 0x000000001967a800  118       3       sun.nio.fs.WindowsPathParser::parse (384 bytes)
Event: 0.239 Thread 0x000000001967a800 nmethod 118 0x00000000026a30d0 code [0x00000000026a3640, 0x00000000026a7228]
Event: 0.239 Thread 0x000000001967a800  122       3       java.lang.StringCoding::access$000 (6 bytes)
Event: 0.239 Thread 0x000000001967a800 nmethod 122 0x00000000026a9350 code [0x00000000026a94c0, 0x00000000026a9670]

GC Heap History (0 events):
No events

Deoptimization events (0 events):
No events

Classes redefined (0 events):
No events

Internal exceptions (6 events):
Event: 0.049 Thread 0x0000000000a9e800 Exception <a 'java/lang/NoSuchMethodError': Method sun.misc.Unsafe.defineClass(Ljava/lang/String;[BII)Ljava/lang/Class; name or signature does not match> (0x0000000780607cb0) thrown at [C:\re\workspace\8-2-build-windows-amd64-cygwin\jdk8u181\11358\hotspot
Event: 0.049 Thread 0x0000000000a9e800 Exception <a 'java/lang/NoSuchMethodError': Method sun.misc.Unsafe.prefetchRead(Ljava/lang/Object;J)V name or signature does not match> (0x0000000780607f98) thrown at [C:\re\workspace\8-2-build-windows-amd64-cygwin\jdk8u181\11358\hotspot\src\share\vm\prim
Event: 0.125 Thread 0x0000000000a9e800 Exception <a 'java/security/PrivilegedActionException'> (0x00000007806bdd58) thrown at [C:\re\workspace\8-2-build-windows-amd64-cygwin\jdk8u181\11358\hotspot\src\share\vm\prims\jvm.cpp, line 1435]
Event: 0.125 Thread 0x0000000000a9e800 Exception <a 'java/security/PrivilegedActionException'> (0x00000007806bdf68) thrown at [C:\re\workspace\8-2-build-windows-amd64-cygwin\jdk8u181\11358\hotspot\src\share\vm\prims\jvm.cpp, line 1435]
Event: 0.126 Thread 0x0000000000a9e800 Exception <a 'java/security/PrivilegedActionException'> (0x00000007806c1bd8) thrown at [C:\re\workspace\8-2-build-windows-amd64-cygwin\jdk8u181\11358\hotspot\src\share\vm\prims\jvm.cpp, line 1435]
Event: 0.126 Thread 0x0000000000a9e800 Exception <a 'java/security/PrivilegedActionException'> (0x00000007806c1de8) thrown at [C:\re\workspace\8-2-build-windows-amd64-cygwin\jdk8u181\11358\hotspot\src\share\vm\prims\jvm.cpp, line 1435]

Events (10 events):
Event: 0.230 loading class sun/nio/fs/BasicFileAttributesHolder done
Event: 0.230 loading class sun/nio/fs/WindowsPath$WindowsPathWithAttributes done
Event: 0.237 loading class java/io/DeleteOnExitHook
Event: 0.237 loading class java/io/DeleteOnExitHook done
Event: 0.237 loading class java/io/DeleteOnExitHook$1
Event: 0.237 loading class java/io/DeleteOnExitHook$1 done
Event: 0.237 loading class java/lang/Shutdown
Event: 0.237 loading class java/lang/Shutdown done
Event: 0.237 loading class java/lang/Shutdown$Lock
Event: 0.237 loading class java/lang/Shutdown$Lock done


Dynamic libraries:
0x00007ff618720000 - 0x00007ff618757000 	C:\Program Files\Java\jre1.8.0_181\bin\javaw.exe
0x00007fff67e70000 - 0x00007fff68051000 	C:\WINDOWS\SYSTEM32\ntdll.dll
0x00007fff653f0000 - 0x00007fff654a2000 	C:\WINDOWS\System32\KERNEL32.DLL
0x00007fff64290000 - 0x00007fff64503000 	C:\WINDOWS\System32\KERNELBASE.dll
0x00007fff675d0000 - 0x00007fff67671000 	C:\WINDOWS\System32\ADVAPI32.dll
0x00007fff67530000 - 0x00007fff675ce000 	C:\WINDOWS\System32\msvcrt.dll
0x00007fff670e0000 - 0x00007fff6713b000 	C:\WINDOWS\System32\sechost.dll
0x00007fff67cc0000 - 0x00007fff67de4000 	C:\WINDOWS\System32\RPCRT4.dll
0x00007fff672d0000 - 0x00007fff67460000 	C:\WINDOWS\System32\USER32.dll
0x00007fff64510000 - 0x00007fff64530000 	C:\WINDOWS\System32\win32u.dll
0x00007fff66bf0000 - 0x00007fff66c18000 	C:\WINDOWS\System32\GDI32.dll
0x00007fff65160000 - 0x00007fff652f2000 	C:\WINDOWS\System32\gdi32full.dll
0x00007fff64530000 - 0x00007fff645cf000 	C:\WINDOWS\System32\msvcp_win.dll
0x00007fff65060000 - 0x00007fff6515a000 	C:\WINDOWS\System32\ucrtbase.dll
0x00007fff57300000 - 0x00007fff57569000 	C:\WINDOWS\WinSxS\amd64_microsoft.windows.common-controls_6595b64144ccf1df_6.0.17134.285_none_fb4297e330656775\COMCTL32.dll
0x00007fff66c20000 - 0x00007fff66f43000 	C:\WINDOWS\System32\combase.dll
0x00007fff64ce0000 - 0x00007fff64d5a000 	C:\WINDOWS\System32\bcryptPrimitives.dll
0x00007fff67df0000 - 0x00007fff67e1d000 	C:\WINDOWS\System32\IMM32.DLL
0x00000000502b0000 - 0x0000000050382000 	C:\Program Files\Java\jre1.8.0_181\bin\msvcr100.dll
0x0000000050700000 - 0x0000000050fa2000 	C:\Program Files\Java\jre1.8.0_181\bin\server\jvm.dll
0x00007fff67140000 - 0x00007fff67148000 	C:\WINDOWS\System32\PSAPI.DLL
0x00007fff62de0000 - 0x00007fff62de9000 	C:\WINDOWS\SYSTEM32\WSOCK32.dll
0x00007fff67460000 - 0x00007fff674cc000 	C:\WINDOWS\System32\WS2_32.dll
0x00007fff61370000 - 0x00007fff61393000 	C:\WINDOWS\SYSTEM32\WINMM.dll
0x00007fff56be0000 - 0x00007fff56bea000 	C:\WINDOWS\SYSTEM32\VERSION.dll
0x00007fff61340000 - 0x00007fff6136a000 	C:\WINDOWS\SYSTEM32\WINMMBASE.dll
0x00007fff64240000 - 0x00007fff64289000 	C:\WINDOWS\System32\cfgmgr32.dll
0x0000000050610000 - 0x000000005061f000 	C:\Program Files\Java\jre1.8.0_181\bin\verify.dll
0x00000000505e0000 - 0x0000000050609000 	C:\Program Files\Java\jre1.8.0_181\bin\java.dll
0x00000000505c0000 - 0x00000000505d6000 	C:\Program Files\Java\jre1.8.0_181\bin\zip.dll
0x00007fff654b0000 - 0x00007fff668f0000 	C:\WINDOWS\System32\SHELL32.dll
0x00007fff66fb0000 - 0x00007fff67059000 	C:\WINDOWS\System32\shcore.dll
0x00007fff645d0000 - 0x00007fff64cdd000 	C:\WINDOWS\System32\windows.storage.dll
0x00007fff66f50000 - 0x00007fff66fa1000 	C:\WINDOWS\System32\shlwapi.dll
0x00007fff641e0000 - 0x00007fff641f1000 	C:\WINDOWS\System32\kernel.appcore.dll
0x00007fff64220000 - 0x00007fff6423f000 	C:\WINDOWS\System32\profapi.dll
0x00007fff64190000 - 0x00007fff641dc000 	C:\WINDOWS\System32\powrprof.dll
0x00007fff64180000 - 0x00007fff6418a000 	C:\WINDOWS\System32\FLTLIB.DLL
0x00007fff63ba0000 - 0x00007fff63bb7000 	C:\WINDOWS\SYSTEM32\CRYPTSP.dll
0x00007fff63580000 - 0x00007fff635b3000 	C:\WINDOWS\system32\rsaenh.dll
0x00007fff63ce0000 - 0x00007fff63d05000 	C:\WINDOWS\SYSTEM32\bcrypt.dll
0x00007fff640b0000 - 0x00007fff640d8000 	C:\WINDOWS\SYSTEM32\USERENV.dll
0x00007fff63bc0000 - 0x00007fff63bcb000 	C:\WINDOWS\SYSTEM32\CRYPTBASE.dll
0x00000000505a0000 - 0x00000000505ba000 	C:\Program Files\Java\jre1.8.0_181\bin\net.dll
0x00007fff639f0000 - 0x00007fff63a56000 	C:\WINDOWS\system32\mswsock.dll
0x00007fff63780000 - 0x00007fff637b8000 	C:\WINDOWS\SYSTEM32\IPHLPAPI.DLL
0x00007fff67b70000 - 0x00007fff67b78000 	C:\WINDOWS\System32\NSI.dll
0x00007fff5b3c0000 - 0x00007fff5b3d6000 	C:\WINDOWS\SYSTEM32\dhcpcsvc6.DLL
0x00007fff5b420000 - 0x00007fff5b43a000 	C:\WINDOWS\SYSTEM32\dhcpcsvc.DLL
0x0000000050580000 - 0x0000000050591000 	C:\Program Files\Java\jre1.8.0_181\bin\nio.dll
0x00007fff5b900000 - 0x00007fff5b909000 	C:\Users\micah\AppData\Local\Temp\libtmserialport4153106572459439712.lib
0x00007fff62bc0000 - 0x00007fff62d89000 	C:\WINDOWS\SYSTEM32\dbghelp.dll

VM Arguments:
jvm_args: -Dfile.encoding=UTF-8 
java_command: com.thingmagic.ReceiveAutonomousReading
java_class_path (initial): C:\Program Files\Java\jre1.8.0_181\lib\resources.jar;C:\Program Files\Java\jre1.8.0_181\lib\rt.jar;C:\Program Files\Java\jre1.8.0_181\lib\jsse.jar;C:\Program Files\Java\jre1.8.0_181\lib\jce.jar;C:\Program Files\Java\jre1.8.0_181\lib\charsets.jar;C:\Program Files\Java\jre1.8.0_181\lib\jfr.jar;C:\Program Files\Java\jre1.8.0_181\lib\ext\access-bridge-64.jar;C:\Program Files\Java\jre1.8.0_181\lib\ext\cldrdata.jar;C:\Program Files\Java\jre1.8.0_181\lib\ext\dnsns.jar;C:\Program Files\Java\jre1.8.0_181\lib\ext\jaccess.jar;C:\Program Files\Java\jre1.8.0_181\lib\ext\jfxrt.jar;C:\Program Files\Java\jre1.8.0_181\lib\ext\localedata.jar;C:\Program Files\Java\jre1.8.0_181\lib\ext\nashorn.jar;C:\Program Files\Java\jre1.8.0_181\lib\ext\sunec.jar;C:\Program Files\Java\jre1.8.0_181\lib\ext\sunjce_provider.jar;C:\Program Files\Java\jre1.8.0_181\lib\ext\sunmscapi.jar;C:\Program Files\Java\jre1.8.0_181\lib\ext\sunpkcs11.jar;C:\Program Files\Java\jre1.8.0_181\lib\ext\zipfs.jar;C:\Users\micah\Desktop\ReceiveAutonomousReading port detection\bin;C:\Users\micah\Desktop\ReceiveAutonomousReading port detection\dist\ReceiveAutonomousReading.jar
Launcher Type: SUN_STANDARD

Environment Variables:
PATH=C:/Program Files/Java/jre1.8.0_181/bin/server;C:/Program Files/Java/jre1.8.0_181/bin;C:/Program Files/Java/jre1.8.0_181/lib/amd64;C:\Program Files (x86)\Common Files\Oracle\Java\javapath;C:\Program Files (x86)\Intel\iCLS Client\;C:\Program Files\Intel\iCLS Client\;C:\WINDOWS\system32;C:\WINDOWS;C:\WINDOWS\System32\Wbem;C:\WINDOWS\System32\WindowsPowerShell\v1.0\;C:\Program Files (x86)\Intel\Intel(R) Management Engine Components\DAL;C:\Program Files\Intel\Intel(R) Management Engine Components\DAL;C:\Program Files (x86)\Intel\Intel(R) Management Engine Components\IPT;C:\Program Files\Intel\Intel(R) Management Engine Components\IPT;C:\WINDOWS\System32\OpenSSH\;C:\Program Files\Intel\WiFi\bin\;C:\Program Files\Common Files\Intel\WirelessCommon\;C:\Program Files\Microsoft VS Code\bin;C:\Users\micah\AppData\Local\Microsoft\WindowsApps;C:\Program Files\Microsoft VS Code\bin;C:\Program Files\Java\jdk1.8.0_181\bin;;C:\Users\micah\Downloads\eclipse-java-photon-R-win32-x86_64\eclipse;
USERNAME=micah
OS=Windows_NT
PROCESSOR_IDENTIFIER=Intel64 Family 6 Model 61 Stepping 4, GenuineIntel



---------------  S Y S T E M  ---------------

OS: Windows 10.0 , 64 bit Build 17134 (10.0.17134.1)

CPU:total 4 (initial active 4) (2 cores per cpu, 2 threads per core) family 6 model 61 stepping 4, cmov, cx8, fxsr, mmx, sse, sse2, sse3, ssse3, sse4.1, sse4.2, popcnt, avx, avx2, aes, clmul, erms, 3dnowpref, lzcnt, ht, tsc, tscinvbit, bmi1, bmi2, adx

Memory: 4k page, physical 12503308k(7238408k free), swap 14403852k(8629792k free)

vm_info: Java HotSpot(TM) 64-Bit Server VM (25.181-b13) for windows-amd64 JRE (1.8.0_181-b13), built on Jul  7 2018 04:01:33 by "java_re" with MS VC++ 10.0 (VS2010)

time: Tue Sep 18 15:03:05 2018
elapsed time: 0 seconds (0d 0h 0m 0s)

